{"name": "test_app_article_0__", "status": "failed", "statusDetails": {"message": "AssertionError: False is not true", "trace": "a = (<scripts.test_app_index.TestAPPIndex testMethod=test_app_article_0__>,)\n\n    @wraps(func)\n    def standalone_func(*a):\n>       return func(*(a + p.args), **p.kwargs)\n\n..\\..\\..\\..\\..\\appdata\\local\\programs\\python\\python36\\lib\\site-packages\\parameterized\\parameterized.py:530: \n_ _ _ _ _ _ _ _ _ _ _ _ _ _ _ _ _ _ _ _ _ _ _ _ _ _ _ _ _ _ _ _ _ _ _ _ _ _ _ _ _ _ _ _ _ _ _ _ _ _ _ _ _ _ _ _ _ _ _ _ _ _ _ _ _ _ _ _ _ _ _ _ _ _ \nscripts\\test_app_index.py:28: in test_app_article\n    self.assertTrue(is_element_by_attribute(self.driver, \"text\", \"已关注\"))\nE   AssertionError: False is not true"}, "attachments": [{"name": "log", "source": "be619b25-5b29-4f5e-bd56-e082ee3b9da5-attachment.txt", "type": "text/plain"}], "start": 1598578410488, "stop": 1598578513831, "uuid": "f38ad50f-4567-41f6-9679-62df17361dab", "historyId": "14363cce9ca2546eddeb0dbefe2866c0", "testCaseId": "fbe0c5a6fb65d1985b4ccc220e7da706", "fullName": "scripts.test_app_index.TestAPPIndex#test_app_article_0__", "labels": [{"name": "tag", "value": "run(order=9)"}, {"name": "parentSuite", "value": "scripts"}, {"name": "suite", "value": "test_app_index"}, {"name": "subSuite", "value": "TestAPPIndex"}, {"name": "host", "value": "LAPTOP-50537OU2"}, {"name": "thread", "value": "14080-MainThread"}, {"name": "framework", "value": "pytest"}, {"name": "language", "value": "cpython3"}, {"name": "package", "value": "scripts.test_app_index"}]}